\BOOKMARK [0][-]{chapter.1}{Introduction}{}% 1
\BOOKMARK [0][-]{chapter.2}{Logic Design}{}% 2
\BOOKMARK [1][-]{section.2.1}{Boolean algebra}{chapter.2}% 3
\BOOKMARK [2][-]{subsection.2.1.1}{Unary operators}{section.2.1}% 4
\BOOKMARK [2][-]{subsection.2.1.2}{Binary operators and disjunctive normal form}{section.2.1}% 5
\BOOKMARK [2][-]{subsection.2.1.3}{Boolean equations}{section.2.1}% 6
\BOOKMARK [2][-]{subsection.2.1.4}{Gates}{section.2.1}% 7
\BOOKMARK [1][-]{section.2.2}{Combinational logic}{chapter.2}% 8
\BOOKMARK [2][-]{subsection.2.2.1}{Decoder}{section.2.2}% 9
\BOOKMARK [2][-]{subsection.2.2.2}{Multiplexer}{section.2.2}% 10
\BOOKMARK [2][-]{subsection.2.2.3}{Two-level logic}{section.2.2}% 11
\BOOKMARK [2][-]{subsection.2.2.4}{Programmable logic array}{section.2.2}% 12
\BOOKMARK [0][-]{chapter.3}{Synchronous Message Exchange}{}% 13
\BOOKMARK [1][-]{section.3.1}{Communicating Sequential Processes}{chapter.3}% 14
\BOOKMARK [1][-]{section.3.2}{Synchronous Message Exchange}{chapter.3}% 15
\BOOKMARK [0][-]{chapter.4}{Introduction to RISC-V instructions}{}% 16
\BOOKMARK [1][-]{section.4.1}{RISC-V Assembly}{chapter.4}% 17
\BOOKMARK [1][-]{section.4.2}{Operands}{chapter.4}% 18
\BOOKMARK [2][-]{subsection.4.2.1}{Register}{section.4.2}% 19
\BOOKMARK [2][-]{subsection.4.2.2}{Memory Format}{section.4.2}% 20
\BOOKMARK [2][-]{subsection.4.2.3}{Const vs imm }{section.4.2}% 21
\BOOKMARK [1][-]{section.4.3}{Numeral system of a computer}{chapter.4}% 22
\BOOKMARK [2][-]{subsection.4.3.1}{base 2}{section.4.3}% 23
\BOOKMARK [2][-]{subsection.4.3.2}{signed unsigned}{section.4.3}% 24
\BOOKMARK [1][-]{section.4.4}{Instruction representation in binary}{chapter.4}% 25
\BOOKMARK [1][-]{section.4.5}{Operators}{chapter.4}% 26
\BOOKMARK [0][-]{chapter.5}{The RISC-V processor}{}% 27
\BOOKMARK [1][-]{section.5.1}{Single Cycle RISC-V Units}{chapter.5}% 28
\BOOKMARK [2][-]{subsection.5.1.1}{Program Counter}{section.5.1}% 29
\BOOKMARK [2][-]{subsection.5.1.2}{Instruction Memory}{section.5.1}% 30
\BOOKMARK [2][-]{subsection.5.1.3}{incrementor?}{section.5.1}% 31
\BOOKMARK [2][-]{subsection.5.1.4}{Register}{section.5.1}% 32
\BOOKMARK [2][-]{subsection.5.1.5}{Arithmetic Logic Unit \(ALU\)}{section.5.1}% 33
\BOOKMARK [2][-]{subsection.5.1.6}{Immediate generator}{section.5.1}% 34
\BOOKMARK [2][-]{subsection.5.1.7}{Data Memory}{section.5.1}% 35
\BOOKMARK [1][-]{section.5.2}{Designing the Control}{chapter.5}% 36
\BOOKMARK [1][-]{section.5.3}{Single Cycle RISC-V datapath}{chapter.5}% 37
\BOOKMARK [1][-]{section.5.4}{Improving the datapath}{chapter.5}% 38
\BOOKMARK [2][-]{subsection.5.4.1}{RV64I Base Instructions Support}{section.5.4}% 39
\BOOKMARK [2][-]{subsection.5.4.2}{Supporting R-Format}{section.5.4}% 40
\BOOKMARK [2][-]{subsection.5.4.3}{Supporting I-Format}{section.5.4}% 41
\BOOKMARK [2][-]{subsection.5.4.4}{Supporting S-Format}{section.5.4}% 42
\BOOKMARK [2][-]{subsection.5.4.5}{Supporting B-Format}{section.5.4}% 43
\BOOKMARK [2][-]{subsection.5.4.6}{Supporting U-Format}{section.5.4}% 44
\BOOKMARK [2][-]{subsection.5.4.7}{Supporting J-Format}{section.5.4}% 45
\BOOKMARK [1][-]{section.5.5}{Debugging the instructions}{chapter.5}% 46
\BOOKMARK [2][-]{subsection.5.5.1}{Writing assembly to test instructions}{section.5.5}% 47
\BOOKMARK [2][-]{subsection.5.5.2}{Writing simple C code to run on RISC-V}{section.5.5}% 48
\BOOKMARK [0][-]{appendix.A}{Unary Operators}{}% 49
\BOOKMARK [0][-]{appendix.B}{Binary Operators}{}% 50
