\standalonepreambles
\subpreamble{tikz_stuff/ANDGate.tex}
\usepackage {tikz}\usetikzlibrary {shapes.geometric, arrows, shapes.gates.logic.US, calc}\tikzstyle {arrow} = [thick,->,>=stealth]
\endsubpreamble
\subpreamble{tikz_stuff/ORGate.tex}
\usepackage {tikz}\usetikzlibrary {shapes.geometric, arrows, shapes.gates.logic.US, calc}\tikzstyle {arrow} = [thick,->,>=stealth]
\endsubpreamble
\subpreamble{tikz_stuff/NOTGate.tex}
\usepackage {tikz}\usetikzlibrary {shapes.geometric, arrows, shapes.gates.logic.US, calc}\tikzstyle {arrow} = [thick,->,>=stealth]
\endsubpreamble
\subpreamble{tikz_stuff/ANDGateInput1NOT.tex}
\usepackage {tikz}\usetikzlibrary {shapes.geometric, arrows, shapes.gates.logic.US, calc}\tikzstyle {arrow} = [thick,->,>=stealth]
\endsubpreamble
\subpreamble{tikz_stuff/ANDGateInput1NOTBubble.tex}
\usepackage {tikz}\usetikzlibrary {shapes.geometric, arrows, shapes.gates.logic.US, calc}\tikzstyle {arrow} = [thick,->,>=stealth]
\endsubpreamble
\subpreamble{tikz_stuff/multiplexersimple.tex}
\usepackage {tikz}\usetikzlibrary {shapes.geometric, arrows, shapes.gates.logic.US, calc}\tikzstyle {arrow} = [thick,->,>=stealth]
\endsubpreamble
\subpreamble{tikz_stuff/multiplexersimplenogates.tex}
\usepackage {tikz}\usetikzlibrary {shapes.geometric, arrows, shapes.gates.logic.US, calc}\tikzstyle {arrow} = [thick,->,>=stealth]
\endsubpreamble
\subpreamble{tikz_stuff/one_to_one.tex}
\usepackage {tikz}\usetikzlibrary {shapes.geometric, arrows}\definecolor {mycolor}{RGB}{0, 153, 255}\tikzstyle {process} = [rectangle, rounded corners,minimum width=2cm, minimum height=1cm,text centered, draw=black, fill=mycolor,text=white, line width=0.3mm]\tikzstyle {arrow} = [thick,->,>=stealth]
\endsubpreamble
\subpreamble{tikz_stuff/one_to_many.tex}
\usepackage {tikz}\usetikzlibrary {shapes.geometric, arrows}\definecolor {mycolor}{RGB}{0, 153, 255}\tikzstyle {process} = [rectangle, rounded corners,minimum width=2cm, minimum height=1cm,text centered, draw=black, fill=mycolor,text=white, line width=0.3mm]\tikzstyle {arrow} = [thick,->,>=stealth]
\endsubpreamble
\subpreamble{tikz_stuff/many_to_one.tex}
\usepackage {tikz}\usetikzlibrary {shapes.geometric, arrows}\definecolor {mycolor}{RGB}{0, 153, 255}\tikzstyle {process} = [rectangle, rounded corners,minimum width=2cm, minimum height=1cm,text centered, draw=black, fill=mycolor,text=white, line width=0.3mm]\tikzstyle {arrow} = [thick,->,>=stealth]
\endsubpreamble
\subpreamble{tikz_stuff/many_to_many.tex}
\usepackage {tikz}\usetikzlibrary {shapes.geometric, arrows}\definecolor {mycolor}{RGB}{0, 153, 255}\tikzstyle {process} = [rectangle, rounded corners,minimum width=2cm, minimum height=1cm,text centered, draw=black, fill=mycolor,text=white, line width=0.3mm]\tikzstyle {arrow} = [thick,->,>=stealth]
\endsubpreamble
\subpreamble{tikz_stuff/ANDGateSME.tex}
\usepackage {tikz}\usetikzlibrary {shapes.geometric, arrows}\definecolor {mycolor}{RGB}{0, 153, 255}\tikzstyle {process} = [rectangle, rounded corners,minimum width=2cm, minimum height=1cm,text centered, draw=black, fill=mycolor,text=white, line width=0.3mm]\tikzstyle {arrow} = [thick,->,>=stealth]
\endsubpreamble
\subpreamble{tikz_stuff/2BitDecoderSchematic.tex}
\usepackage {tikz}\usetikzlibrary {shapes.geometric, arrows, shapes.gates.logic.US, calc}\tikzstyle {arrow} = [thick,->,>=stealth]
\endsubpreamble
\subpreamble{tikz_stuff/2BitDecoderSME.tex}
\usepackage {tikz}\usetikzlibrary {shapes.geometric, arrows}\definecolor {mycolor}{RGB}{0, 153, 255}\tikzstyle {process} = [rectangle, rounded corners,minimum width=2cm, minimum height=1cm,text centered, draw=black, fill=mycolor,text=white, line width=0.3mm]\tikzstyle {arrow} = [thick,->,>=stealth]
\endsubpreamble
\subpreamble{tikz_stuff/2BitMultiplexerSchematic.tex}
\usepackage {tikz}\usetikzlibrary {shapes.geometric, arrows, shapes.gates.logic.US, calc}\tikzstyle {arrow} = [thick,->,>=stealth]
\endsubpreamble
\subpreamble{tikz_stuff/2BitMultiplexerSME.tex}
\usepackage {tikz}\usetikzlibrary {shapes.geometric, arrows}\definecolor {mycolor}{RGB}{0, 153, 255}\tikzstyle {process} = [rectangle, rounded corners,minimum width=2cm, minimum height=1cm,text centered, draw=black, fill=mycolor,text=white, line width=0.3mm]\tikzstyle {arrow} = [thick,->,>=stealth]
\endsubpreamble
\subpreamble{tikz_stuff/1BitFullAdder.tex}
\usepackage {tikz}\usetikzlibrary {shapes.geometric, arrows, shapes.gates.logic.US, calc}\tikzstyle {arrow} = [thick,->,>=stealth]
\endsubpreamble
\subpreamble{tikz_stuff/1BitFullAdderSME.tex}
\usepackage {tikz}\usetikzlibrary {shapes.geometric, arrows}\definecolor {mycolor}{RGB}{0, 153, 255}\tikzstyle {process} = [rectangle, rounded corners,minimum width=2cm, minimum height=1cm,text centered, draw=black, fill=mycolor,text=white, line width=0.3mm]\tikzstyle {arrow} = [thick,->,>=stealth]
\endsubpreamble
\subpreamble{tikz_stuff/ALUSME.tex}
\usepackage {tikz}\usetikzlibrary {shapes.geometric, arrows}\definecolor {mycolor}{RGB}{0, 153, 255}\tikzstyle {process} = [rectangle, rounded corners,minimum width=2cm, minimum height=1cm,text centered, draw=black, fill=mycolor,text=white, line width=0.3mm]\tikzstyle {arrow} = [thick,->,>=stealth]
\endsubpreamble
\subpreamble{tikz_stuff/memory.tex}
\usepackage {tikz}\usetikzlibrary {shapes.geometric, arrows, shapes.symbols}\definecolor {mycolor}{RGB}{0, 153, 255}\tikzstyle {process} = [rectangle, rounded corners,minimum width=2cm, minimum height=1cm,text centered, draw=black, fill=mycolor,text=white, line width=0.3mm]\tikzstyle {arrow} = [thick,->,>=stealth]
\endsubpreamble
\endstandalonepreambles
